TN:
SF:src/EnumerableNFT.sol
FN:23,EnumerableNFT.mint
FNDA:5,EnumerableNFT.mint
DA:24,5
FNF:1
FNH:1
LF:1
LH:1
BRF:0
BRH:0
end_of_record
TN:
SF:src/NFTWithMerkleDiscount.sol
FN:35,NFTWithMerkleDiscount.mint
FNDA:1,NFTWithMerkleDiscount.mint
DA:36,1
FN:46,NFTWithMerkleDiscount.mintFromMerkleProof
FNDA:4,NFTWithMerkleDiscount.mintFromMerkleProof
DA:47,4
BRDA:47,0,0,1
BRDA:47,0,1,3
DA:48,3
DA:49,3
BRDA:49,1,0,1
BRDA:49,1,1,2
DA:50,2
DA:51,2
FN:56,NFTWithMerkleDiscount.withdrawFunds
FNDA:1,NFTWithMerkleDiscount.withdrawFunds
DA:57,1
DA:58,1
BRDA:58,2,0,-
BRDA:58,2,1,1
FN:61,NFTWithMerkleDiscount.supportsInterface
FNDA:1,NFTWithMerkleDiscount.supportsInterface
DA:62,1
FNF:4
FNH:4
LF:9
LH:9
BRF:6
BRH:5
end_of_record
TN:
SF:src/PrimeTokenIdsCounter.sol
FN:14,PrimeTokenIdsCounter.primeTokenBalanceOf
FNDA:3,PrimeTokenIdsCounter.primeTokenBalanceOf
DA:15,3
DA:16,3
DA:18,3
DA:19,3
DA:20,5
DA:21,5
DA:22,3
BRDA:22,0,0,2
BRDA:22,0,1,1
DA:23,2
DA:24,2
DA:28,3
FNF:1
FNH:1
LF:10
LH:10
BRF:2
BRH:2
end_of_record
TN:
SF:src/RewardDistributor.sol
FN:28,RewardDistributor.onERC721Received
FNDA:6,RewardDistributor.onERC721Received
DA:32,6
BRDA:32,0,0,1
BRDA:32,0,1,5
DA:33,5
DA:34,5
FN:39,RewardDistributor.claimRewards
FNDA:6,RewardDistributor.claimRewards
DA:40,6
DA:41,6
BRDA:41,1,0,1
BRDA:41,1,1,5
DA:43,5
DA:44,5
DA:45,5
DA:46,5
DA:47,5
FN:54,RewardDistributor.withdraw
FNDA:2,RewardDistributor.withdraw
DA:55,2
BRDA:55,2,0,1
BRDA:55,2,1,1
DA:56,1
DA:57,1
FNF:3
FNH:3
LF:13
LH:13
BRF:6
BRH:6
end_of_record
TN:
SF:src/RewardToken.sol
FN:21,RewardToken.setMinter
FNDA:0,RewardToken.setMinter
DA:22,0
FN:28,RewardToken.mint
FNDA:5,RewardToken.mint
DA:29,5
BRDA:29,0,0,-
BRDA:29,0,1,5
DA:30,5
FNF:2
FNH:1
LF:3
LH:2
BRF:2
BRH:1
end_of_record
